<?xml version="1.0" encoding="UTF-8"?>
<!-- Generated by org.testng.reporters.JUnitReportReporter -->
<testsuite hostname="DESKTOP-H92AA89" failures="0" tests="5" name="day29Dec22.DataParameterization" time="0.046" errors="0" timestamp="2023-01-28T10:25:13 IST" skipped="0">
  <testcase classname="day29Dec22.DataParameterization" name="test1" time="0.007"/>
  <system-out/>
  <testcase classname="day29Dec22.DataParameterization" name="test1" time="0.009"/>
  <system-out/>
  <testcase classname="day29Dec22.DataParameterization" name="test2" time="0.007"/>
  <system-out/>
  <testcase classname="day29Dec22.DataParameterization" name="test2" time="0.011"/>
  <system-out/>
  <testcase classname="day29Dec22.DataParameterization" name="test2" time="0.012"/>
  <system-out/>
</testsuite> <!-- day29Dec22.DataParameterization -->
