<?xml version="1.0" encoding="UTF-8"?>
<!-- Generated by org.testng.reporters.JUnitReportReporter -->
<testsuite hostname="DESKTOP-H92AA89" failures="0" tests="1" name="day16flashelement.FlashElementDemo" time="20.841" errors="0" timestamp="2023-01-16T15:05:50 IST" skipped="0">
  <testcase classname="day16flashelement.FlashElementDemo" name="flashElementTest" time="20.841"/>
  <system-out/>
</testsuite> <!-- day16flashelement.FlashElementDemo -->
