<?xml version="1.0" encoding="UTF-8"?>
<!-- Generated by org.testng.reporters.JUnitReportReporter -->
<testsuite hostname="DESKTOP-H92AA89" failures="0" tests="8" name="justclearit.AgileCrmLogin" time="243.891" errors="0" timestamp="2023-01-09T00:02:44 IST" skipped="0">
  <testcase classname="justclearit.AgileCrmLogin" name="verifyLogin" time="53.952"/>
  <system-out/>
  <testcase classname="justclearit.AgileCrmLogin" name="verifyLogin" time="35.602"/>
  <system-out/>
  <testcase classname="justclearit.AgileCrmLogin" name="verifyLogin" time="21.712"/>
  <system-out/>
  <testcase classname="justclearit.AgileCrmLogin" name="verifyLogin" time="21.852"/>
  <system-out/>
  <testcase classname="justclearit.AgileCrmLogin" name="verifyLogin" time="22.716"/>
  <system-out/>
  <testcase classname="justclearit.AgileCrmLogin" name="verifyLogin" time="38.767"/>
  <system-out/>
  <testcase classname="justclearit.AgileCrmLogin" name="verifyLogin" time="29.202"/>
  <system-out/>
  <testcase classname="justclearit.AgileCrmLogin" name="verifyLogin" time="20.088"/>
  <system-out/>
</testsuite> <!-- justclearit.AgileCrmLogin -->
