<?xml version="1.0" encoding="UTF-8"?>
<!-- Generated by org.testng.reporters.JUnitReportReporter -->
<testsuite hostname="DESKTOP-H92AA89" failures="0" tests="4" name="day26TestNG.DataParameterizationUsingHashMap" time="0.021" errors="0" timestamp="2022-12-29T00:46:43 IST" skipped="0">
  <testcase classname="day26TestNG.DataParameterizationUsingHashMap" name="login" time="0.003"/>
  <system-out/>
  <testcase classname="day26TestNG.DataParameterizationUsingHashMap" name="login" time="0.015"/>
  <system-out/>
  <testcase classname="day26TestNG.DataParameterizationUsingHashMap" name="login" time="0.001"/>
  <system-out/>
  <testcase classname="day26TestNG.DataParameterizationUsingHashMap" name="login" time="0.002"/>
  <system-out/>
</testsuite> <!-- day26TestNG.DataParameterizationUsingHashMap -->
