<?xml version="1.0" encoding="UTF-8"?>
<!-- Generated by org.testng.reporters.JUnitReportReporter -->
<testsuite hostname="DESKTOP-H92AA89" failures="0" tests="1" name="day29Dec22.HardAssertion" time="0.017" errors="0" timestamp="2022-12-30T01:21:43 IST" skipped="0">
  <testcase classname="day29Dec22.HardAssertion" name="test1" time="0.017"/>
  <system-out/>
</testsuite> <!-- day29Dec22.HardAssertion -->
