<?xml version="1.0" encoding="UTF-8"?>
<!-- Generated by org.testng.reporters.JUnitReportReporter -->
<testsuite hostname="DESKTOP-H92AA89" failures="0" tests="6" name="day26TestNG.DataParameterizationUsingExcel" time="0.037" errors="0" timestamp="2022-12-29T01:31:11 IST" skipped="0">
  <testcase classname="day26TestNG.DataParameterizationUsingExcel" name="empData" time="0.006"/>
  <system-out/>
  <testcase classname="day26TestNG.DataParameterizationUsingExcel" name="empData" time="0.008"/>
  <system-out/>
  <testcase classname="day26TestNG.DataParameterizationUsingExcel" name="empData" time="0.004"/>
  <system-out/>
  <testcase classname="day26TestNG.DataParameterizationUsingExcel" name="empData" time="0.004"/>
  <system-out/>
  <testcase classname="day26TestNG.DataParameterizationUsingExcel" name="empData" time="0.012"/>
  <system-out/>
  <testcase classname="day26TestNG.DataParameterizationUsingExcel" name="empData" time="0.003"/>
  <system-out/>
</testsuite> <!-- day26TestNG.DataParameterizationUsingExcel -->
