<?xml version="1.0" encoding="UTF-8"?>
<!-- Generated by org.testng.reporters.JUnitReportReporter -->
<testsuite hostname="DESKTOP-H92AA89" failures="0" tests="1" name="day16flashelement_Stream.FilteringElementsUsingSearchDemo" time="11.578" errors="0" timestamp="2023-01-16T16:55:32 IST" skipped="0">
  <testcase classname="day16flashelement_Stream.FilteringElementsUsingSearchDemo" name="verifySortedElements" time="11.578"/>
  <system-out/>
</testsuite> <!-- day16flashelement_Stream.FilteringElementsUsingSearchDemo -->
