<?xml version="1.0" encoding="UTF-8"?>
<!-- Generated by org.testng.reporters.JUnitReportReporter -->
<testsuite hostname="DESKTOP-H92AA89" failures="0" tests="5" name="day26TestNG.TestNGWithDataProvider" time="0.037" errors="0" timestamp="2022-12-28T01:12:34 IST" skipped="0">
  <testcase classname="day26TestNG.TestNGWithDataProvider" name="registration" time="0.003"/>
  <system-out/>
  <testcase classname="day26TestNG.TestNGWithDataProvider" name="registration" time="0.012"/>
  <system-out/>
  <testcase classname="day26TestNG.TestNGWithDataProvider" name="registration" time="0.013"/>
  <system-out/>
  <testcase classname="day26TestNG.TestNGWithDataProvider" name="registration" time="0.003"/>
  <system-out/>
  <testcase classname="day26TestNG.TestNGWithDataProvider" name="login" time="0.006"/>
  <system-out/>
</testsuite> <!-- day26TestNG.TestNGWithDataProvider -->
