<?xml version="1.0" encoding="UTF-8"?>
<!-- Generated by org.testng.reporters.JUnitReportReporter -->
<testsuite hostname="DESKTOP-H92AA89" failures="0" tests="1" name="day16flashelement_Stream.StreamDemo1" time="15.488" errors="0" timestamp="2023-01-16T16:34:54 IST" skipped="0">
  <testcase classname="day16flashelement_Stream.StreamDemo1" name="verifyDataWithStream" time="15.488"/>
  <system-out/>
</testsuite> <!-- day16flashelement_Stream.StreamDemo1 -->
