<?xml version="1.0" encoding="UTF-8"?>
<!-- Generated by org.testng.reporters.JUnitReportReporter -->
<testsuite hostname="DESKTOP-H92AA89" failures="0" tests="1" name="day30Dec22.GetEnteredValueFromTextField" time="13.873" errors="0" timestamp="2022-12-30T19:00:14 IST" skipped="0">
  <testcase classname="day30Dec22.GetEnteredValueFromTextField" name="getTextValue" time="13.873"/>
  <system-out/>
</testsuite> <!-- day30Dec22.GetEnteredValueFromTextField -->
