<?xml version="1.0" encoding="UTF-8"?>
<!-- Generated by org.testng.reporters.JUnitReportReporter -->
<testsuite hostname="DESKTOP-H92AA89" failures="0" tests="1" name="day30Dec22.TestNGAssignmentParameters" time="14.728" errors="0" timestamp="2023-01-05T04:33:23 IST" skipped="0">
  <testcase classname="day30Dec22.TestNGAssignmentParameters" name="getTextValue" time="14.728"/>
  <system-out/>
</testsuite> <!-- day30Dec22.TestNGAssignmentParameters -->
