<?xml version="1.0" encoding="UTF-8"?>
<!-- Generated by org.testng.reporters.JUnitReportReporter -->
<testsuite hostname="DESKTOP-H92AA89" failures="0" tests="10" name="day29Dec22.InvocationCountDemo" time="0.213" errors="0" timestamp="2022-12-30T01:33:29 IST" skipped="0">
  <testcase classname="day29Dec22.InvocationCountDemo" name="test1" time="0.015"/>
  <system-out/>
  <testcase classname="day29Dec22.InvocationCountDemo" name="test1" time="0.047"/>
  <system-out/>
  <testcase classname="day29Dec22.InvocationCountDemo" name="test1" time="0.057"/>
  <system-out/>
  <testcase classname="day29Dec22.InvocationCountDemo" name="test1" time="0.009"/>
  <system-out/>
  <testcase classname="day29Dec22.InvocationCountDemo" name="test1" time="0.029"/>
  <system-out/>
  <testcase classname="day29Dec22.InvocationCountDemo" name="test1" time="0.006"/>
  <system-out/>
  <testcase classname="day29Dec22.InvocationCountDemo" name="test1" time="0.008"/>
  <system-out/>
  <testcase classname="day29Dec22.InvocationCountDemo" name="test1" time="0.012"/>
  <system-out/>
  <testcase classname="day29Dec22.InvocationCountDemo" name="test1" time="0.021"/>
  <system-out/>
  <testcase classname="day29Dec22.InvocationCountDemo" name="test1" time="0.009"/>
  <system-out/>
</testsuite> <!-- day29Dec22.InvocationCountDemo -->
